amier/app/build/outputs/logs/manifest-merger-debug-report.txt
-- Merging decision tree log ---
manifest
ADDED from src\main\AndroidManifest.xml:2:1-611:12
INJECTED from src\main\AndroidManifest.xml:2:1-611:12
INJECTED from src\main\AndroidManifest.xml:2:1-611:12
INJECTED from src\main\AndroidManifest.xml:2:1-611:12
MERGED from [com.android.support:design:27.1.1] AndroidManifest.xml:17:1-22:12
MERGED from [com.afollestad.material-dialogs:core:0.8.6.2] AndroidManifest.xml:2:1-15:12
MERGED from [cn.yipianfengye.android:zxing-library:2.1] AndroidManifest.xml:2:1-20:12
MERGED from [me.zhanghai.android.materialprogressbar:library:1.1.7] AndroidManifest.xml:6:1-16:12
MERGED from [com.android.support:appcompat-v7:27.1.1] AndroidManifest.xml:17:1-22:12
MERGED from [com.android.support:animated-vector-drawable:27.1.1] AndroidManifest.xml:17:1-22:12
MERGED from [com.android.support:support-vector-drawable:27.1.1] AndroidManifest.xml:17:1-22:12
MERGED from [com.github.castorflex.verticalviewpager:library:19.0.1] AndroidManifest.xml:2:1-5:12
MERGED from [:linkedin-sdk] AndroidManifest.xml:2:1-15:12
MERGED from [com.android.support:support-v13:27.1.1] AndroidManifest.xml:17:1-22:12
MERGED from [com.android.support:support-v4:27.1.1] AndroidManifest.xml:17:1-22:12
MERGED from [com.android.support:gridlayout-v7:27.1.1] AndroidManifest.xml:17:1-22:12
MERGED from [com.android.support:recyclerview-v7:27.1.1] AndroidManifest.xml:17:1-22:12
MERGED from [com.github.bumptech.glide:okhttp3-integration:1.4.0] AndroidManifest.xml:2:1-17:12
MERGED from [io.reactivex.rxjava2:rxandroid:2.0.2] AndroidManifest.xml:15:1-21:12
MERGED from [com.github.tbruyelle:rxpermissions:0.10.2] AndroidManifest.xml:2:1-11:12
MERGED from [pl.droidsonroids.gif:android-gif-drawable:1.2.16] AndroidManifest.xml:2:1-10:12
MERGED from [com.wx.wheelview:wheelview:1.3.3] AndroidManifest.xml:2:1-16:12
MERGED from [com.snappydb:snappydb-lib:0.5.2] AndroidManifest.xml:2:1-13:12
MERGED from [com.microsoft.projectoxford:speechrecognition:1.2.2] AndroidManifest.xml:2:1-19:12
MERGED from [com.makeramen:roundedimageview:2.3.0] AndroidManifest.xml:2:1-9:12
MERGED from [com.android.support.constraint:constraint-layout:1.0.2] AndroidManifest.xml:2:1-11:12
MERGED from [com.wang.avi:library:2.1.3] AndroidManifest.xml:2:1-11:12
MERGED from [com.scwang.smartrefresh:SmartRefreshLayout:1.1.0-alpha-14] AndroidManifest.xml:2:1-17:12
MERGED from [com.scwang.smartrefresh:SmartRefreshHeader:1.1.0-alpha-14] AndroidManifest.xml:2:1-17:12
MERGED from [com.isanwenyu.highlight:highlight:1.8.0] AndroidManifest.xml:2:1-16:12
MERGED from [com.android.support:support-fragment:27.1.1] AndroidManifest.xml:17:1-22:12
MERGED from [com.android.support:transition:27.1.1] AndroidManifest.xml:17:1-22:12
MERGED from [com.android.support:support-core-ui:27.1.1] AndroidManifest.xml:17:1-22:12
MERGED from [com.android.support:support-core-utils:27.1.1] AndroidManifest.xml:17:1-22:12
MERGED from [com.android.support:support-media-compat:27.1.1] AndroidManifest.xml:17:1-22:12
MERGED from [com.android.support:support-compat:27.1.1] AndroidManifest.xml:17:1-22:12
MERGED from [android.arch.lifecycle:livedata-core:1.1.0] AndroidManifest.xml:17:1-22:12
MERGED from [android.arch.lifecycle:viewmodel:1.1.0] AndroidManifest.xml:17:1-22:12
MERGED from [android.arch.lifecycle:runtime:1.1.0] AndroidManifest.xml:17:1-22:12
MERGED from [android.arch.core:runtime:1.1.0] AndroidManifest.xml:17:1-22:12
INJECTED from src\main\AndroidManifest.xml:2:1-611:12
INJECTED from src\main\AndroidManifest.xml:2:1-611:12
INJECTED from src\main\AndroidManifest.xml:2:1-611:12
	package
		ADDED from src\main\AndroidManifest.xml:4:5-35
		INJECTED from src\main\AndroidManifest.xml
		INJECTED from src\main\AndroidManifest.xml
	android:versionName
		INJECTED from src\main\AndroidManifest.xml
		ADDED from src\main\AndroidManifest.xml:2:1-611:12
		INJECTED from src\main\AndroidManifest.xml
	xmlns:tools
		ADDED from src\main\AndroidManifest.xml:3:5-51
	android:versionCode
		INJECTED from src\main\AndroidManifest.xml
		ADDED from src\main\AndroidManifest.xml:2:1-611:12
		INJECTED from src\main\AndroidManifest.xml
	xmlns:android
		ADDED from src\main\AndroidManifest.xml:2:11-69
uses-feature#0x00020000
ADDED from src\main\AndroidManifest.xml:6:5-8:35
	android:glEsVersion
		ADDED from src\main\AndroidManifest.xml:7:9-41
	android:required
		ADDED from src\main\AndroidManifest.xml:8:9-32
permission#com.buyint.mergerbot.permission.JPUSH_MESSAGE
ADDED from src\main\AndroidManifest.xml:11:5-13:47
	android:protectionLevel
		ADDED from src\main\AndroidManifest.xml:13:9-44
	android:name
		ADDED from src\main\AndroidManifest.xml:12:9-69
uses-permission#android.permission.ACCESS_WIFI_STATE
ADDED from src\main\AndroidManifest.xml:15:5-76
MERGED from [com.microsoft.projectoxford:speechrecognition:1.2.2] AndroidManifest.xml:14:5-76
MERGED from [com.microsoft.projectoxford:speechrecognition:1.2.2] AndroidManifest.xml:14:5-76
	android:name
		ADDED from src\main\AndroidManifest.xml:15:22-73
uses-permission#android.permission.ACCESS_FINE_LOCATION
ADDED from src\main\AndroidManifest.xml:16:5-79
	android:name
		ADDED from src\main\AndroidManifest.xml:16:22-76
uses-permission#android.permission.ACCESS_NETWORK_STATE
ADDED from src\main\AndroidManifest.xml:17:5-79
MERGED from [com.microsoft.projectoxford:speechrecognition:1.2.2] AndroidManifest.xml:15:5-79
MERGED from [com.microsoft.projectoxford:speechrecognition:1.2.2] AndroidManifest.xml:15:5-79
	android:name
		ADDED from src\main\AndroidManifest.xml:17:22-76
uses-permission#android.permission.ACCESS_COARSE_LOCATION
ADDED from src\main\AndroidManifest.xml:18:5-81
	android:name
		ADDED from src\main\AndroidManifest.xml:18:22-78
uses-permission#android.permission.ACCESS_LOCATION_EXTRA_COMMANDS
ADDED from src\main\AndroidManifest.xml:19:5-89
	android:name
		ADDED from src\main\AndroidManifest.xml:19:22-86
uses-permission#android.permission.BLUETOOTH
ADDED from src\main\AndroidManifest.xml:20:5-68
	android:name
		ADDED from src\main\AndroidManifest.xml:20:22-65
uses-permission#android.permission.BLUETOOTH_ADMIN
ADDED from src\main\AndroidManifest.xml:21:5-74
	android:name
		ADDED from src\main\AndroidManifest.xml:21:22-71
uses-permission#android.permission.CAMERA
ADDED from src\main\AndroidManifest.xml:22:5-65
	android:name
		ADDED from src\main\AndroidManifest.xml:22:22-62
uses-permission#android.permission.CALL_PHONE
ADDED from src\main\AndroidManifest.xml:23:5-69
	android:name
		ADDED from src\main\AndroidManifest.xml:23:22-66
uses-permission#android.permission.CHANGE_WIFI_STATE
ADDED from src\main\AndroidManifest.xml:24:5-76
	android:name
		ADDED from src\main\AndroidManifest.xml:24:22-73
uses-permission#android.permission.CHANGE_NETWORK_STATE
ADDED from src\main\AndroidManifest.xml:25:5-79
	android:name
		ADDED from src\main\AndroidManifest.xml:25:22-76
uses-permission#android.permission.GET_TASKS
ADDED from src\main\AndroidManifest.xml:26:5-68
	android:name
		ADDED from src\main\AndroidManifest.xml:26:22-65
uses-permission#android.permission.INTERNET
ADDED from src\main\AndroidManifest.xml:27:5-67
MERGED from [:linkedin-sdk] AndroidManifest.xml:11:5-67
MERGED from [:linkedin-sdk] AndroidManifest.xml:11:5-67
MERGED from [com.microsoft.projectoxford:speechrecognition:1.2.2] AndroidManifest.xml:11:5-67
MERGED from [com.microsoft.projectoxford:speechrecognition:1.2.2] AndroidManifest.xml:11:5-67
	android:name
		ADDED from src\main\AndroidManifest.xml:27:22-64
uses-permission#android.permission.RECORD_AUDIO
ADDED from src\main\AndroidManifest.xml:28:5-71
MERGED from [com.microsoft.projectoxford:speechrecognition:1.2.2] AndroidManifest.xml:12:5-71
MERGED from [com.microsoft.projectoxford:speechrecognition:1.2.2] AndroidManifest.xml:12:5-71
	android:name
		ADDED from src\main\AndroidManifest.xml:28:22-68
uses-permission#android.permission.READ_CONTACTS
ADDED from src\main\AndroidManifest.xml:29:5-72
	android:name
		ADDED from src\main\AndroidManifest.xml:29:22-69
uses-permission#android.permission.READ_PHONE_STATE
ADDED from src\main\AndroidManifest.xml:30:5-75
MERGED from [com.microsoft.projectoxford:speechrecognition:1.2.2] AndroidManifest.xml:17:5-75
MERGED from [com.microsoft.projectoxford:speechrecognition:1.2.2] AndroidManifest.xml:17:5-75
	android:name
		ADDED from src\main\AndroidManifest.xml:30:22-72
uses-permission#android.permission.READ_EXTERNAL_STORAGE
ADDED from src\main\AndroidManifest.xml:31:5-80
	android:name
		ADDED from src\main\AndroidManifest.xml:31:22-77
uses-permission#android.permission.RECEIVE_BOOT_COMPLETED
ADDED from src\main\AndroidManifest.xml:32:5-81
	android:name
		ADDED from src\main\AndroidManifest.xml:32:22-78
uses-permission#android.permission.REQUEST_INSTALL_PACKAGES
ADDED from src\main\AndroidManifest.xml:33:5-83
	android:name
		ADDED from src\main\AndroidManifest.xml:33:22-80
uses-permission#android.permission.VIBRATE
ADDED from src\main\AndroidManifest.xml:34:5-66
	android:name
		ADDED from src\main\AndroidManifest.xml:34:22-63
uses-permission#android.permission.WAKE_LOCK
ADDED from src\main\AndroidManifest.xml:35:5-68
	android:name
		ADDED from src\main\AndroidManifest.xml:35:22-65
uses-permission#android.permission.WRITE_CONTACTS
ADDED from src\main\AndroidManifest.xml:36:5-73
	android:name
		ADDED from src\main\AndroidManifest.xml:36:22-70
uses-permission#android.permission.WRITE_SETTINGS
ADDED from src\main\AndroidManifest.xml:37:5-73
	android:name
		ADDED from src\main\AndroidManifest.xml:37:22-70
uses-permission#android.permission.WRITE_EXTERNAL_STORAGE
ADDED from src\main\AndroidManifest.xml:38:5-81
MERGED from [com.microsoft.projectoxford:speechrecognition:1.2.2] AndroidManifest.xml:16:5-81
MERGED from [com.microsoft.projectoxford:speechrecognition:1.2.2] AndroidManifest.xml:16:5-81
	android:name
		ADDED from src\main\AndroidManifest.xml:38:22-78
uses-permission#com.android.launcher.permission.READ_SETTINGS
ADDED from src\main\AndroidManifest.xml:39:5-85
	android:name
		ADDED from src\main\AndroidManifest.xml:39:22-82
uses-permission#com.buyint.mergerbot.permission.JPUSH_MESSAGE
ADDED from src\main\AndroidManifest.xml:40:5-85
	android:name
		ADDED from src\main\AndroidManifest.xml:40:22-82
uses-permission#android.permission.MOUNT_UNMOUNT_FILESYSTEMS
ADDED from src\main\AndroidManifest.xml:41:5-43:47
	tools:ignore
		ADDED from src\main\AndroidManifest.xml:43:9-44
	android:name
		ADDED from src\main\AndroidManifest.xml:42:9-68
uses-feature#android.hardware.camera
ADDED from src\main\AndroidManifest.xml:45:5-47:36
	android:required
		ADDED from src\main\AndroidManifest.xml:47:9-33
	android:name
		ADDED from src\main\AndroidManifest.xml:46:9-47
uses-feature#android.hardware.camera.autofocus
ADDED from src\main\AndroidManifest.xml:48:5-70
	android:name
		ADDED from src\main\AndroidManifest.xml:48:19-67
application
ADDED from src\main\AndroidManifest.xml:50:5-609:19
MERGED from [com.afollestad.material-dialogs:core:0.8.6.2] AndroidManifest.xml:13:5-20
MERGED from [com.afollestad.material-dialogs:core:0.8.6.2] AndroidManifest.xml:13:5-20
MERGED from [cn.yipianfengye.android:zxing-library:2.1] AndroidManifest.xml:11:5-18:19
MERGED from [cn.yipianfengye.android:zxing-library:2.1] AndroidManifest.xml:11:5-18:19
MERGED from [:linkedin-sdk] AndroidManifest.xml:13:5-20
MERGED from [:linkedin-sdk] AndroidManifest.xml:13:5-20
MERGED from [com.github.bumptech.glide:okhttp3-integration:1.4.0] AndroidManifest.xml:11:5-15:19
MERGED from [com.github.bumptech.glide:okhttp3-integration:1.4.0] AndroidManifest.xml:11:5-15:19
MERGED from [com.github.tbruyelle:rxpermissions:0.10.2] AndroidManifest.xml:9:5-20
MERGED from [com.github.tbruyelle:rxpermissions:0.10.2] AndroidManifest.xml:9:5-20
MERGED from [com.wx.wheelview:wheelview:1.3.3] AndroidManifest.xml:11:5-14:19
MERGED from [com.wx.wheelview:wheelview:1.3.3] AndroidManifest.xml:11:5-14:19
MERGED from [com.snappydb:snappydb-lib:0.5.2] AndroidManifest.xml:11:5-20
MERGED from [com.snappydb:snappydb-lib:0.5.2] AndroidManifest.xml:11:5-20
MERGED from [com.android.support.constraint:constraint-layout:1.0.2] AndroidManifest.xml:9:5-20
MERGED from [com.android.support.constraint:constraint-layout:1.0.2] AndroidManifest.xml:9:5-20
MERGED from [com.scwang.smartrefresh:SmartRefreshLayout:1.1.0-alpha-14] AndroidManifest.xml:11:5-15:19
MERGED from [com.scwang.smartrefresh:SmartRefreshLayout:1.1.0-alpha-14] AndroidManifest.xml:11:5-15:19
MERGED from [com.scwang.smartrefresh:SmartRefreshHeader:1.1.0-alpha-14] AndroidManifest.xml:11:5-15:19
MERGED from [com.scwang.smartrefresh:SmartRefreshHeader:1.1.0-alpha-14] AndroidManifest.xml:11:5-15:19
MERGED from [com.isanwenyu.highlight:highlight:1.8.0] AndroidManifest.xml:11:5-14:19
MERGED from [com.isanwenyu.highlight:highlight:1.8.0] AndroidManifest.xml:11:5-14:19
	android:supportsRtl
		ADDED from src\main\AndroidManifest.xml:54:9-35
	android:label
		ADDED from src\main\AndroidManifest.xml:53:9-41
	tools:ignore
		ADDED from src\main\AndroidManifest.xml:56:9-43
	android:allowBackup
		ADDED from [cn.yipianfengye.android:zxing-library:2.1] AndroidManifest.xml:11:18-44
	android:icon
		ADDED from src\main\AndroidManifest.xml:52:9-40
	android:theme
		ADDED from src\main\AndroidManifest.xml:55:9-65
	android:name
		ADDED from src\main\AndroidManifest.xml:51:9-44
provider#android.support.v4.content.FileProvider
ADDED from src\main\AndroidManifest.xml:58:9-68:20
	android:grantUriPermissions
		ADDED from src\main\AndroidManifest.xml:62:13-47
	android:authorities
		ADDED from src\main\AndroidManifest.xml:60:13-68
	android:exported
		ADDED from src\main\AndroidManifest.xml:61:13-37
	android:name
		ADDED from src\main\AndroidManifest.xml:59:13-67
meta-data#android.support.FILE_PROVIDER_PATHS
ADDED from src\main\AndroidManifest.xml:64:13-66:54
	android:resource
		ADDED from src\main\AndroidManifest.xml:66:17-51
	android:name
		ADDED from src\main\AndroidManifest.xml:65:17-67
meta-data#com.amap.api.v2.apikey
ADDED from src\main\AndroidManifest.xml:71:9-73:64
	android:value
		ADDED from src\main\AndroidManifest.xml:73:13-61
	android:name
		ADDED from src\main\AndroidManifest.xml:72:13-50
meta-data#BaiduMobAd_STAT_ID
ADDED from src\main\AndroidManifest.xml:76:9-78:42
	android:value
		ADDED from src\main\AndroidManifest.xml:78:13-39
	android:name
		ADDED from src\main\AndroidManifest.xml:77:13-46
meta-data#BaiduMobAd_EXCEPTION_LOG
ADDED from src\main\AndroidManifest.xml:80:9-82:36
	android:value
		ADDED from src\main\AndroidManifest.xml:82:13-33
	android:name
		ADDED from src\main\AndroidManifest.xml:81:13-52
meta-data#JPUSH_CHANNEL
ADDED from src\main\AndroidManifest.xml:91:9-93:49
	android:value
		ADDED from src\main\AndroidManifest.xml:93:13-46
	android:name
		ADDED from src\main\AndroidManifest.xml:92:13-41
meta-data#JPUSH_APPKEY
ADDED from src\main\AndroidManifest.xml:95:9-97:56
	android:value
		ADDED from src\main\AndroidManifest.xml:97:13-53
	android:name
		ADDED from src\main\AndroidManifest.xml:96:13-40
service#cn.jpush.android.service.PushService
ADDED from src\main\AndroidManifest.xml:101:9-111:19
	android:enabled
		ADDED from src\main\AndroidManifest.xml:103:13-35
	android:exported
		ADDED from src\main\AndroidManifest.xml:104:13-37
	android:name
		ADDED from src\main\AndroidManifest.xml:102:13-64
intent-filter#action:name:cn.jpush.android.intent.PUSH_TIME+action:name:cn.jpush.android.intent.PushService+action:name:cn.jpush.android.intent.REGISTER+action:name:cn.jpush.android.intent.REPORT
ADDED from src\main\AndroidManifest.xml:105:13-110:29
action#cn.jpush.android.intent.REGISTER
ADDED from src\main\AndroidManifest.xml:106:17-75
	android:name
		ADDED from src\main\AndroidManifest.xml:106:25-72
action#cn.jpush.android.intent.REPORT
ADDED from src\main\AndroidManifest.xml:107:17-73
	android:name
		ADDED from src\main\AndroidManifest.xml:107:25-70
action#cn.jpush.android.intent.PushService
ADDED from src\main\AndroidManifest.xml:108:17-78
	android:name
		ADDED from src\main\AndroidManifest.xml:108:25-75
action#cn.jpush.android.intent.PUSH_TIME
ADDED from src\main\AndroidManifest.xml:109:17-76
	android:name
		ADDED from src\main\AndroidManifest.xml:109:25-73
service#cn.jpush.android.service.DaemonService
ADDED from src\main\AndroidManifest.xml:115:9-123:19
	android:enabled
		ADDED from src\main\AndroidManifest.xml:117:13-35
	android:exported
		ADDED from src\main\AndroidManifest.xml:118:13-36
	android:name
		ADDED from src\main\AndroidManifest.xml:116:13-66
intent-filter#action:name:cn.jpush.android.intent.DaemonService+category:name:com.buyint.mergerbot
ADDED from src\main\AndroidManifest.xml:119:13-122:29
action#cn.jpush.android.intent.DaemonService
ADDED from src\main\AndroidManifest.xml:120:17-80
	android:name
		ADDED from src\main\AndroidManifest.xml:120:25-77
category#com.buyint.mergerbot
ADDED from src\main\AndroidManifest.xml:121:17-65
	android:name
		ADDED from src\main\AndroidManifest.xml:121:27-62
receiver#cn.jpush.android.service.PushReceiver
ADDED from src\main\AndroidManifest.xml:126:9-144:20
	android:enabled
		ADDED from src\main\AndroidManifest.xml:128:13-35
	android:name
		ADDED from src\main\AndroidManifest.xml:127:13-65
intent-filter#action:name:cn.jpush.android.intent.NOTIFICATION_RECEIVED_PROXY+category:name:com.buyint.mergerbot
ADDED from src\main\AndroidManifest.xml:129:13-132:29
	android:priority
		ADDED from src\main\AndroidManifest.xml:129:28-51
action#cn.jpush.android.intent.NOTIFICATION_RECEIVED_PROXY
ADDED from src\main\AndroidManifest.xml:130:17-94
	android:name
		ADDED from src\main\AndroidManifest.xml:130:25-91
intent-filter#action:name:android.intent.action.USER_PRESENT+action:name:android.net.conn.CONNECTIVITY_CHANGE
ADDED from src\main\AndroidManifest.xml:133:13-136:29
action#android.intent.action.USER_PRESENT
ADDED from src\main\AndroidManifest.xml:134:17-77
	android:name
		ADDED from src\main\AndroidManifest.xml:134:25-74
action#android.net.conn.CONNECTIVITY_CHANGE
ADDED from src\main\AndroidManifest.xml:135:17-79
	android:name
		ADDED from src\main\AndroidManifest.xml:135:25-76
intent-filter#action:name:android.intent.action.PACKAGE_ADDED+action:name:android.intent.action.PACKAGE_REMOVED+data:scheme:package
ADDED from src\main\AndroidManifest.xml:138:13-143:29
action#android.intent.action.PACKAGE_ADDED
ADDED from src\main\AndroidManifest.xml:139:17-78
	android:name
		ADDED from src\main\AndroidManifest.xml:139:25-75
action#android.intent.action.PACKAGE_REMOVED
ADDED from src\main\AndroidManifest.xml:140:17-80
	android:name
		ADDED from src\main\AndroidManifest.xml:140:25-77
data
ADDED from src\main\AndroidManifest.xml:142:17-50
	android:scheme
		ADDED from src\main\AndroidManifest.xml:142:23-47
receiver#com.buyint.mergerbot.Utility.DownloadReceiver
ADDED from src\main\AndroidManifest.xml:146:9-151:20
	android:name
		ADDED from src\main\AndroidManifest.xml:146:19-59
intent-filter#action:name:android.intent.action.DOWNLOAD_COMPLETE+action:name:android.intent.action.DOWNLOAD_NOTIFICATION_CLICKED
ADDED from src\main\AndroidManifest.xml:147:13-150:29
action#android.intent.action.DOWNLOAD_COMPLETE
ADDED from src\main\AndroidManifest.xml:148:17-82
	android:name
		ADDED from src\main\AndroidManifest.xml:148:25-79
action#android.intent.action.DOWNLOAD_NOTIFICATION_CLICKED
ADDED from src\main\AndroidManifest.xml:149:17-94
	android:name
		ADDED from src\main\AndroidManifest.xml:149:25-91
activity#cn.jpush.android.ui.PushActivity
ADDED from src\main\AndroidManifest.xml:154:9-165:20
	android:exported
		ADDED from src\main\AndroidManifest.xml:157:13-37
	android:configChanges
		ADDED from src\main\AndroidManifest.xml:156:13-63
	android:theme
		ADDED from src\main\AndroidManifest.xml:158:13-60
	android:name
		ADDED from src\main\AndroidManifest.xml:155:13-60
intent-filter#action:name:cn.jpush.android.ui.PushActivity+category:name:android.intent.category.DEFAULT+category:name:com.buyint.mergerbot
ADDED from src\main\AndroidManifest.xml:159:13-164:29
action#cn.jpush.android.ui.PushActivity
ADDED from src\main\AndroidManifest.xml:160:17-75
	android:name
		ADDED from src\main\AndroidManifest.xml:160:25-72
category#android.intent.category.DEFAULT
ADDED from src\main\AndroidManifest.xml:162:17-76
	android:name
		ADDED from src\main\AndroidManifest.xml:162:27-73
provider#cn.jpush.android.service.DataProvider
ADDED from src\main\AndroidManifest.xml:168:9-171:40
	android:authorities
		ADDED from src\main\AndroidManifest.xml:170:13-68
	android:exported
		ADDED from src\main\AndroidManifest.xml:171:13-37
	android:name
		ADDED from src\main\AndroidManifest.xml:169:13-65
service#cn.jpush.android.service.DownloadService
ADDED from src\main\AndroidManifest.xml:174:9-177:40
	android:enabled
		ADDED from src\main\AndroidManifest.xml:176:13-35
	android:exported
		ADDED from src\main\AndroidManifest.xml:177:13-37
	android:name
		ADDED from src\main\AndroidManifest.xml:175:13-68
receiver#cn.jpush.android.service.AlarmReceiver
ADDED from src\main\AndroidManifest.xml:180:9-75
	android:name
		ADDED from src\main\AndroidManifest.xml:180:19-72
receiver#com.buyint.mergerbot.Utility.MyReceiver
ADDED from src\main\AndroidManifest.xml:183:9-202:20
	android:enabled
		ADDED from src\main\AndroidManifest.xml:185:13-35
	android:name
		ADDED from src\main\AndroidManifest.xml:184:13-47
intent-filter#action:name:android.intent.action.BOOT_COMPLETED+action:name:cn.jpush.android.intent.CONNECTION+action:name:cn.jpush.android.intent.MESSAGE_RECEIVED+action:name:cn.jpush.android.intent.NOTIFICATION_OPENED+action:name:cn.jpush.android.intent.NOTIFICATION_RECEIVED+action:name:cn.jpush.android.intent.REGISTRATION+category:name:com.buyint.mergerbot
ADDED from src\main\AndroidManifest.xml:186:13-201:29
action#cn.jpush.android.intent.REGISTRATION
ADDED from src\main\AndroidManifest.xml:188:17-79
	android:name
		ADDED from src\main\AndroidManifest.xml:188:25-76
action#cn.jpush.android.intent.MESSAGE_RECEIVED
ADDED from src\main\AndroidManifest.xml:190:17-83
	android:name
		ADDED from src\main\AndroidManifest.xml:190:25-80
action#cn.jpush.android.intent.NOTIFICATION_RECEIVED
ADDED from src\main\AndroidManifest.xml:192:17-88
	android:name
		ADDED from src\main\AndroidManifest.xml:192:25-85
action#cn.jpush.android.intent.NOTIFICATION_OPENED
ADDED from src\main\AndroidManifest.xml:194:17-86
	android:name
		ADDED from src\main\AndroidManifest.xml:194:25-83
action#cn.jpush.android.intent.CONNECTION
ADDED from src\main\AndroidManifest.xml:196:17-77
	android:name
		ADDED from src\main\AndroidManifest.xml:196:25-74
action#android.intent.action.BOOT_COMPLETED
ADDED from src\main\AndroidManifest.xml:198:17-79
	android:name
		ADDED from src\main\AndroidManifest.xml:198:25-76
service#com.amap.api.location.APSService
ADDED from src\main\AndroidManifest.xml:204:9-68
	android:name
		ADDED from src\main\AndroidManifest.xml:204:18-65
activity#com.buyint.mergerbot.UIs.main.activity.ReSplashActivity
ADDED from src\main\AndroidManifest.xml:206:9-215:20
	android:screenOrientation
		ADDED from src\main\AndroidManifest.xml:208:13-49
	android:theme
		ADDED from src\main\AndroidManifest.xml:209:13-48
	android:name
		ADDED from src\main\AndroidManifest.xml:207:13-63
intent-filter#action:name:android.intent.action.MAIN+category:name:android.intent.category.LAUNCHER
ADDED from src\main\AndroidManifest.xml:210:13-214:29
action#android.intent.action.MAIN
ADDED from src\main\AndroidManifest.xml:211:17-69
	android:name
		ADDED from src\main\AndroidManifest.xml:211:25-66
category#android.intent.category.LAUNCHER
ADDED from src\main\AndroidManifest.xml:213:17-77
	android:name
		ADDED from src\main\AndroidManifest.xml:213:27-74
activity#com.buyint.mergerbot.UIs.main.activity.SplashActivity
ADDED from src\main\AndroidManifest.xml:217:9-220:51
	android:screenOrientation
		ADDED from src\main\AndroidManifest.xml:219:13-49
	android:theme
		ADDED from src\main\AndroidManifest.xml:220:13-48
	android:name
		ADDED from src\main\AndroidManifest.xml:218:13-61
activity#com.buyint.mergerbot.UIs.matchRecord.activity.MatchRecordMoreRelationActivity
ADDED from src\main\AndroidManifest.xml:221:9-224:50
	android:screenOrientation
		ADDED from src\main\AndroidManifest.xml:223:13-49
	android:theme
		ADDED from src\main\AndroidManifest.xml:224:13-47
	android:name
		ADDED from src\main\AndroidManifest.xml:222:13-85
activity#com.buyint.mergerbot.UIs.verification.activity.HistoryRelationActivity
ADDED from src\main\AndroidManifest.xml:225:9-228:50
	android:screenOrientation
		ADDED from src\main\AndroidManifest.xml:227:13-49
	android:theme
		ADDED from src\main\AndroidManifest.xml:228:13-47
	android:name
		ADDED from src\main\AndroidManifest.xml:226:13-78
activity#com.buyint.mergerbot.UIs.verification.activity.IntellectualRelationshipChartActivity
ADDED from src\main\AndroidManifest.xml:229:9-232:50
	android:screenOrientation
		ADDED from src\main\AndroidManifest.xml:231:13-49
	android:theme
		ADDED from src\main\AndroidManifest.xml:232:13-47
	android:name
		ADDED from src\main\AndroidManifest.xml:230:13-92
activity#com.buyint.mergerbot.UIs.verification.activity.IntellectualRelationshipActivity
ADDED from src\main\AndroidManifest.xml:233:9-236:50
	android:screenOrientation
		ADDED from src\main\AndroidManifest.xml:235:13-49
	android:theme
		ADDED from src\main\AndroidManifest.xml:236:13-47
	android:name
		ADDED from src\main\AndroidManifest.xml:234:13-87
activity#com.buyint.mergerbot.UIs.main.activity.MainActivity
ADDED from src\main\AndroidManifest.xml:237:9-241:53
	android:screenOrientation
		ADDED from src\main\AndroidManifest.xml:240:13-49
	android:launchMode
		ADDED from src\main\AndroidManifest.xml:239:13-44
	android:theme
		ADDED from src\main\AndroidManifest.xml:241:13-50
	android:name
		ADDED from src\main\AndroidManifest.xml:238:13-59
activity#com.buyint.mergerbot.UIs.matchRecord.activity.MatchRecordActivity
ADDED from src\main\AndroidManifest.xml:242:9-245:53
	android:screenOrientation
		ADDED from src\main\AndroidManifest.xml:244:13-49
	android:theme
		ADDED from src\main\AndroidManifest.xml:245:13-50
	android:name
		ADDED from src\main\AndroidManifest.xml:243:13-73
activity#com.buyint.mergerbot.UIs.matchRecord.activity.MatchRecordResultActivity
ADDED from src\main\AndroidManifest.xml:246:9-249:53
	android:screenOrientation
		ADDED from src\main\AndroidManifest.xml:248:13-49
	android:theme
		ADDED from src\main\AndroidManifest.xml:249:13-50
	android:name
		ADDED from src\main\AndroidManifest.xml:247:13-79
activity#com.buyint.mergerbot.UIs.matchRecord.activity.MatchRecordDeepSearchActivity
ADDED from src\main\AndroidManifest.xml:250:9-253:53
	android:screenOrientation
		ADDED from src\main\AndroidManifest.xml:252:13-49
	android:theme
		ADDED from src\main\AndroidManifest.xml:253:13-50
	android:name
		ADDED from src\main\AndroidManifest.xml:251:13-83
activity#com.buyint.mergerbot.UIs.main.activity.HomeActivity
ADDED from src\main\AndroidManifest.xml:254:9-258:53
	android:screenOrientation
		ADDED from src\main\AndroidManifest.xml:257:13-49
	android:launchMode
		ADDED from src\main\AndroidManifest.xml:256:13-44
	android:theme
		ADDED from src\main\AndroidManifest.xml:258:13-50
	android:name
		ADDED from src\main\AndroidManifest.xml:255:13-59
activity#com.buyint.mergerbot.UIs.loginAndRegister.activity.RegisterLoginActivity
ADDED from src\main\AndroidManifest.xml:259:9-262:53
	android:screenOrientation
		ADDED from src\main\AndroidManifest.xml:261:13-49
	android:theme
		ADDED from src\main\AndroidManifest.xml:262:13-50
	android:name
		ADDED from src\main\AndroidManifest.xml:260:13-80
activity#com.buyint.mergerbot.UIs.loginAndRegister.activity.LoginActivity
ADDED from src\main\AndroidManifest.xml:263:9-266:53
	android:screenOrientation
		ADDED from src\main\AndroidManifest.xml:265:13-49
	android:theme
		ADDED from src\main\AndroidManifest.xml:266:13-50
	android:name
		ADDED from src\main\AndroidManifest.xml:264:13-72
activity#com.buyint.mergerbot.UIs.match.activity.OtherTargetActivity
ADDED from src\main\AndroidManifest.xml:267:9-270:53
	android:screenOrientation
		ADDED from src\main\AndroidManifest.xml:269:13-49
	android:theme
		ADDED from src\main\AndroidManifest.xml:270:13-50
	android:name
		ADDED from src\main\AndroidManifest.xml:268:13-67
activity#com.buyint.mergerbot.UIs.WebActivity
ADDED from src\main\AndroidManifest.xml:271:9-274:53
	android:screenOrientation
		ADDED from src\main\AndroidManifest.xml:273:13-49
	android:theme
		ADDED from src\main\AndroidManifest.xml:274:13-50
	android:name
		ADDED from src\main\AndroidManifest.xml:272:13-44
activity#com.buyint.mergerbot.UIs.match.activity.QuickMatchActivity
ADDED from src\main\AndroidManifest.xml:275:9-278:53
	android:screenOrientation
		ADDED from src\main\AndroidManifest.xml:277:13-49
	android:theme
		ADDED from src\main\AndroidManifest.xml:278:13-50
	android:name
		ADDED from src\main\AndroidManifest.xml:276:13-66
activity#com.buyint.mergerbot.UIs.match.activity.QuickMatchAddActivity
ADDED from src\main\AndroidManifest.xml:279:9-282:53
	android:screenOrientation
		ADDED from src\main\AndroidManifest.xml:281:13-49
	android:theme
		ADDED from src\main\AndroidManifest.xml:282:13-50
	android:name
		ADDED from src\main\AndroidManifest.xml:280:13-69
activity#com.buyint.mergerbot.UIs.match.activity.MatchDetailActivity
ADDED from src\main\AndroidManifest.xml:283:9-286:53
	android:screenOrientation
		ADDED from src\main\AndroidManifest.xml:285:13-49
	android:theme
		ADDED from src\main\AndroidManifest.xml:286:13-50
	android:name
		ADDED from src\main\AndroidManifest.xml:284:13-67
activity#com.buyint.mergerbot.UIs.match.activity.ChooseFinanceTimesActivity
ADDED from src\main\AndroidManifest.xml:287:9-290:53
	android:screenOrientation
		ADDED from src\main\AndroidManifest.xml:289:13-49
	android:theme
		ADDED from src\main\AndroidManifest.xml:290:13-50
	android:name
		ADDED from src\main\AndroidManifest.xml:288:13-74
activity#com.buyint.mergerbot.UIs.setting.TextSizeActivity
ADDED from src\main\AndroidManifest.xml:291:9-294:53
	android:screenOrientation
		ADDED from src\main\AndroidManifest.xml:293:13-49
	android:theme